Log file open, 03/11/20 12:58:54
LogWindows: Failed to load 'aqProf.dll' (GetLastError=126)
LogWindows: File 'aqProf.dll' does not exist
LogWindows: Failed to load 'VtuneApi.dll' (GetLastError=126)
LogWindows: File 'VtuneApi.dll' does not exist
LogWindows: Failed to load 'VtuneApi32e.dll' (GetLastError=126)
LogWindows: File 'VtuneApi32e.dll' does not exist
LogConsoleResponse: Display: Failed to find resolution value strings in scalability ini. Falling back to default.
LogInit: Display: Running engine for game: Karl_Kincheon_pro_2
LogPlatformFile: Not using cached read wrapper
LogTaskGraph: Started task graph with 5 named threads and 23 total threads with 3 sets of task threads.
LogStats: Stats thread started at 7.304468
LogD3D11RHI: Loaded GFSDK_Aftermath_Lib.x64.dll
LogICUInternationalization: ICU TimeZone Detection - Raw Offset: -6:00, Platform Override: ''
LogPluginManager: Mounting plugin Paper2D
LogPluginManager: Mounting plugin AISupport
LogPluginManager: Mounting plugin LightPropagationVolume
LogPluginManager: Mounting plugin ActorLayerUtilities
LogPluginManager: Mounting plugin AnimationSharing
LogPluginManager: Mounting plugin CLionSourceCodeAccess
LogPluginManager: Mounting plugin CodeLiteSourceCodeAccess
LogPluginManager: Mounting plugin GitSourceControl
LogPluginManager: Mounting plugin KDevelopSourceCodeAccess
LogPluginManager: Mounting plugin NullSourceCodeAccess
LogPluginManager: Mounting plugin PerforceSourceControl
LogPluginManager: Mounting plugin PlasticSourceControl
LogPluginManager: Mounting plugin SubversionSourceControl
LogPluginManager: Mounting plugin UObjectPlugin
LogPluginManager: Mounting plugin VisualStudioCodeSourceCodeAccess
LogPluginManager: Mounting plugin VisualStudioSourceCodeAccess
LogPluginManager: Mounting plugin XCodeSourceCodeAccess
LogPluginManager: Mounting plugin AssetManagerEditor
LogPluginManager: Mounting plugin CryptoKeys
LogPluginManager: Mounting plugin CurveEditorTools
LogPluginManager: Mounting plugin DataValidation
LogPluginManager: Mounting plugin FacialAnimation
LogPluginManager: Mounting plugin GameplayTagsEditor
LogPluginManager: Mounting plugin MacGraphicsSwitching
LogPluginManager: Mounting plugin MaterialAnalyzer
LogPluginManager: Mounting plugin MobileLauncherProfileWizard
LogPluginManager: Mounting plugin PluginBrowser
LogPluginManager: Mounting plugin SpeedTreeImporter
LogPluginManager: Mounting plugin DatasmithContent
LogPluginManager: Mounting plugin VariantManagerContent
LogPluginManager: Mounting plugin AlembicImporter
LogPluginManager: Mounting plugin AutomationUtils
LogPluginManager: Mounting plugin BackChannel
LogPluginManager: Mounting plugin CharacterAI
LogPluginManager: Mounting plugin GeometryCache
LogPluginManager: Mounting plugin PlatformCrypto
LogPluginManager: Mounting plugin ProxyLODPlugin
LogPluginManager: Mounting plugin SkeletalReduction
LogPluginManager: Mounting plugin MagicLeap
LogPluginManager: Mounting plugin MagicLeapMedia
LogPluginManager: Mounting plugin MLSDK
LogPluginManager: Mounting plugin AndroidMedia
LogPluginManager: Mounting plugin AvfMedia
LogPluginManager: Mounting plugin ImgMedia
LogPluginManager: Mounting plugin MediaCompositing
LogPluginManager: Mounting plugin MediaPlayerEditor
LogPluginManager: Mounting plugin WebMMedia
LogPluginManager: Mounting plugin WmfMedia
LogPluginManager: Mounting plugin TcpMessaging
LogPluginManager: Mounting plugin UdpMessaging
LogPluginManager: Mounting plugin ActorSequence
LogPluginManager: Mounting plugin LevelSequenceEditor
LogPluginManager: Mounting plugin MatineeToLevelSequence
LogPluginManager: Mounting plugin NetcodeUnitTest
LogPluginManager: Mounting plugin NUTUnrealEngine4
LogPluginManager: Mounting plugin OnlineSubsystemGooglePlay
LogPluginManager: Mounting plugin OnlineSubsystemIOS
LogPluginManager: Mounting plugin OnlineSubsystem
LogPluginManager: Mounting plugin OnlineSubsystemNull
LogPluginManager: Mounting plugin OnlineSubsystemUtils
LogPluginManager: Mounting plugin LauncherChunkInstaller
LogPluginManager: Mounting plugin AndroidDeviceProfileSelector
LogPluginManager: Mounting plugin AndroidMoviePlayer
LogPluginManager: Mounting plugin AndroidPermission
LogPluginManager: Mounting plugin AppleImageUtils
LogPluginManager: Mounting plugin AppleMoviePlayer
LogPluginManager: Mounting plugin ArchVisCharacter
LogPluginManager: Mounting plugin AssetTags
LogPluginManager: Mounting plugin AudioCapture
LogPluginManager: Mounting plugin CableComponent
LogPluginManager: Mounting plugin CustomMeshComponent
LogPluginManager: Mounting plugin EditableMesh
LogPluginManager: Mounting plugin ExampleDeviceProfileSelector
LogPluginManager: Mounting plugin GoogleCloudMessaging
LogPluginManager: Mounting plugin IOSDeviceProfileSelector
LogPluginManager: Mounting plugin LinuxDeviceProfileSelector
LogPluginManager: Mounting plugin LocationServicesBPLibrary
LogPluginManager: Mounting plugin MobilePatchingUtils
LogPluginManager: Mounting plugin OculusVR
LogPluginManager: Mounting plugin PhysXVehicles
LogPluginManager: Mounting plugin PostSplashScreen
LogPluginManager: Mounting plugin ProceduralMeshComponent
LogPluginManager: Mounting plugin RuntimePhysXCooking
LogPluginManager: Mounting plugin SignificanceManager
LogPluginManager: Mounting plugin SteamVR
LogPluginManager: Mounting plugin WebMMoviePlayer
LogPluginManager: Mounting plugin WindowsMoviePlayer
LogPluginManager: Mounting plugin ScreenshotTools
LogInit: Using libcurl 7.55.1-DEV
LogInit:  - built for x86_64-pc-win32
LogInit:  - supports SSL with OpenSSL/1.1.1
LogInit:  - supports HTTP deflate (compression) using libz 1.2.8
LogInit:  - other features:
LogInit:      CURL_VERSION_SSL
LogInit:      CURL_VERSION_LIBZ
LogInit:      CURL_VERSION_IPV6
LogInit:      CURL_VERSION_ASYNCHDNS
LogInit:      CURL_VERSION_LARGEFILE
LogInit:      CURL_VERSION_IDN
LogInit:  CurlRequestOptions (configurable via config and command line):
LogInit:  - bVerifyPeer = true  - Libcurl will verify peer certificate
LogInit:  - bUseHttpProxy = false  - Libcurl will NOT use HTTP proxy
LogInit:  - bDontReuseConnections = false  - Libcurl will reuse connections
LogInit:  - MaxHostConnections = 16  - Libcurl will limit the number of connections to a host
LogInit:  - LocalHostAddr = Default
LogInit:  - BufferSize = 65536
LogOnline: OSS: Creating online subsystem instance for: NULL
LogInit: WinSock: version 1.1 (2.2), MaxSocks=32767, MaxUdp=65467
LogOnline: OSS: TryLoadSubsystemAndSetDefault: Loaded subsystem for module [NULL]
LogInit: Build: ++UE4+Release-4.24-CL-11100242
LogInit: Engine Version: 4.24.2-11100242+++UE4+Release-4.24
LogInit: Compatible Engine Version: 4.24.0-10570792+++UE4+Release-4.24
LogInit: Net CL: 10570792
LogInit: OS: Windows 10 (Release 1903) (), CPU: Intel(R) Core(TM) i5-8300H CPU @ 2.30GHz, GPU: Intel(R) UHD Graphics 630
LogInit: Compiled (64-bit): Jan 24 2020 02:05:53
LogInit: Compiled with Visual C++: 19.16.27032.01
LogInit: Build Configuration: Development
LogInit: Branch Name: ++UE4+Release-4.24
LogInit: Command Line: 
LogInit: Base Directory: D:/UE_4.24/Engine/Binaries/Win64/
LogInit: Installed Engine Build: 1
LogDevObjectVersion: Number of dev versions registered: 25
LogDevObjectVersion:   Dev-Blueprints (B0D832E4-1F89-4F0D-ACCF-7EB736FD4AA2): 10
LogDevObjectVersion:   Dev-Build (E1C64328-A22C-4D53-A36C-8E866417BD8C): 0
LogDevObjectVersion:   Dev-Core (375EC13C-06E4-48FB-B500-84F0262A717E): 3
LogDevObjectVersion:   Dev-Editor (E4B068ED-F494-42E9-A231-DA0B2E46BB41): 37
LogDevObjectVersion:   Dev-Framework (CFFC743F-43B0-4480-9391-14DF171D2073): 36
LogDevObjectVersion:   Dev-Mobile (B02B49B5-BB20-44E9-A304-32B752E40360): 2
LogDevObjectVersion:   Dev-Networking (A4E4105C-59A1-49B5-A7C5-40C4547EDFEE): 0
LogDevObjectVersion:   Dev-Online (39C831C9-5AE6-47DC-9A44-9C173E1C8E7C): 0
LogDevObjectVersion:   Dev-Physics (78F01B33-EBEA-4F98-B9B4-84EACCB95AA2): 2
LogDevObjectVersion:   Dev-Platform (6631380F-2D4D-43E0-8009-CF276956A95A): 0
LogDevObjectVersion:   Dev-Rendering (12F88B9F-8875-4AFC-A67C-D90C383ABD29): 36
LogDevObjectVersion:   Dev-Sequencer (7B5AE74C-D270-4C10-A958-57980B212A5A): 11
LogDevObjectVersion:   Dev-VR (D7296918-1DD6-4BDD-9DE2-64A83CC13884): 2
LogDevObjectVersion:   Dev-LoadTimes (C2A15278-BFE7-4AFE-6C17-90FF531DF755): 1
LogDevObjectVersion:   Private-Geometry (6EACA3D4-40EC-4CC1-B786-8BED09428FC5): 3
LogDevObjectVersion:   Dev-AnimPhys (29E575DD-E0A3-4627-9D10-D276232CDCEA): 17
LogDevObjectVersion:   Dev-Anim (AF43A65D-7FD3-4947-9873-3E8ED9C1BB05): 2
LogDevObjectVersion:   Dev-ReflectionCapture (6B266CEC-1EC7-4B8F-A30B-E4D90942FC07): 1
LogDevObjectVersion:   Dev-Automation (0DF73D61-A23F-47EA-B727-89E90C41499A): 1
LogDevObjectVersion:   FortniteMain (601D1886-AC64-4F84-AA16-D3DE0DEAC7D6): 31
LogDevObjectVersion:   Dev-Enterprise (9DFFBCD6-494F-0158-E221-12823C92A888): 8
LogDevObjectVersion:   Dev-Niagara (F2AED0AC-9AFE-416F-8664-AA7FFA26D6FC): 1
LogDevObjectVersion:   Dev-Destruction (174F1F0B-B4C6-45A5-B13F-2EE8D0FB917D): 9
LogDevObjectVersion:   Dev-Physics-Ext (35F94A83-E258-406C-A318-09F59610247C): 8
LogDevObjectVersion:   Dev-CineCamera (B2E18506-4273-CFC2-A54E-F4BB758BBA07): 1
LogInit: Presizing for max 25165824 objects, including 0 objects not considered by GC, pre-allocating 0 bytes for permanent pool.
LogInit: Object subsystem initialized
LogConfig: Setting CVar [[con.DebugEarlyDefault:1]]
LogConfig: Setting CVar [[r.setres:1280x720]]
[2020.03.11-17.58.57:620][  0]LogConfig: Setting CVar [[r.VSync:0]]
[2020.03.11-17.58.57:620][  0]LogConfig: Setting CVar [[r.RHICmdBypass:0]]
[2020.03.11-17.58.57:621][  0]LogConfig: Applying CVar settings from Section [/Script/Engine.RendererSettings] File [C:/Users/13462/Documents/GitHub/level_design_2/Karl_Kincheon_pro_2/Saved/Config/Windows/Engine.ini]
[2020.03.11-17.58.57:621][  0]LogConfig: Setting CVar [[r.GPUCrashDebugging:0]]
[2020.03.11-17.58.57:621][  0]LogConfig: Applying CVar settings from Section [/Script/Engine.RendererOverrideSettings] File [C:/Users/13462/Documents/GitHub/level_design_2/Karl_Kincheon_pro_2/Saved/Config/Windows/Engine.ini]
[2020.03.11-17.58.57:621][  0]LogConfig: Applying CVar settings from Section [/Script/Engine.StreamingSettings] File [C:/Users/13462/Documents/GitHub/level_design_2/Karl_Kincheon_pro_2/Saved/Config/Windows/Engine.ini]
[2020.03.11-17.58.57:621][  0]LogConfig: Setting CVar [[s.MinBulkDataSizeForAsyncLoading:131072]]
[2020.03.11-17.58.57:621][  0]LogConfig: Setting CVar [[s.AsyncLoadingThreadEnabled:0]]
[2020.03.11-17.58.57:621][  0]LogConfig: Setting CVar [[s.EventDrivenLoaderEnabled:1]]
[2020.03.11-17.58.57:621][  0]LogConfig: Setting CVar [[s.WarnIfTimeLimitExceeded:0]]
[2020.03.11-17.58.57:621][  0]LogConfig: Setting CVar [[s.TimeLimitExceededMultiplier:1.5]]
[2020.03.11-17.58.57:622][  0]LogConfig: Setting CVar [[s.TimeLimitExceededMinTime:0.005]]
[2020.03.11-17.58.57:622][  0]LogConfig: Setting CVar [[s.UseBackgroundLevelStreaming:1]]
[2020.03.11-17.58.57:622][  0]LogConfig: Setting CVar [[s.PriorityAsyncLoadingExtraTime:15.0]]
[2020.03.11-17.58.57:622][  0]LogConfig: Setting CVar [[s.LevelStreamingActorsUpdateTimeLimit:5.0]]
[2020.03.11-17.58.57:622][  0]LogConfig: Setting CVar [[s.PriorityLevelStreamingActorsUpdateExtraTime:5.0]]
[2020.03.11-17.58.57:622][  0]LogConfig: Setting CVar [[s.LevelStreamingComponentsRegistrationGranularity:10]]
[2020.03.11-17.58.57:622][  0]LogConfig: Setting CVar [[s.UnregisterComponentsTimeLimit:1.0]]
[2020.03.11-17.58.57:622][  0]LogConfig: Setting CVar [[s.LevelStreamingComponentsUnregistrationGranularity:5]]
[2020.03.11-17.58.57:622][  0]LogConfig: Setting CVar [[s.FlushStreamingOnExit:1]]
[2020.03.11-17.58.57:622][  0]LogConfig: Applying CVar settings from Section [/Script/Engine.GarbageCollectionSettings] File [C:/Users/13462/Documents/GitHub/level_design_2/Karl_Kincheon_pro_2/Saved/Config/Windows/Engine.ini]
[2020.03.11-17.58.57:622][  0]LogConfig: Setting CVar [[gc.MaxObjectsNotConsideredByGC:1]]
[2020.03.11-17.58.57:622][  0]LogConfig: Setting CVar [[gc.SizeOfPermanentObjectPool:0]]
[2020.03.11-17.58.57:622][  0]LogConfig: Setting CVar [[gc.FlushStreamingOnGC:0]]
[2020.03.11-17.58.57:622][  0]LogConfig: Setting CVar [[gc.NumRetriesBeforeForcingGC:10]]
[2020.03.11-17.58.57:622][  0]LogConfig: Setting CVar [[gc.AllowParallelGC:1]]
[2020.03.11-17.58.57:622][  0]LogConfig: Setting CVar [[gc.TimeBetweenPurgingPendingKillObjects:61.1]]
[2020.03.11-17.58.57:622][  0]LogConfig: Setting CVar [[gc.MaxObjectsInEditor:25165824]]
[2020.03.11-17.58.57:622][  0]LogConfig: Setting CVar [[gc.IncrementalBeginDestroyEnabled:1]]
[2020.03.11-17.58.57:622][  0]LogConfig: Setting CVar [[gc.CreateGCClusters:1]]
[2020.03.11-17.58.57:622][  0]LogConfig: Setting CVar [[gc.MinGCClusterSize:5]]
[2020.03.11-17.58.57:622][  0]LogConfig: Setting CVar [[gc.ActorClusteringEnabled:0]]
[2020.03.11-17.58.57:622][  0]LogConfig: Setting CVar [[gc.BlueprintClusteringEnabled:0]]
[2020.03.11-17.58.57:622][  0]LogConfig: Setting CVar [[gc.UseDisregardForGCOnDedicatedServers:0]]
[2020.03.11-17.58.57:622][  0]LogConfig: Applying CVar settings from Section [/Script/Engine.NetworkSettings] File [C:/Users/13462/Documents/GitHub/level_design_2/Karl_Kincheon_pro_2/Saved/Config/Windows/Engine.ini]
[2020.03.11-17.58.57:622][  0]LogConfig: Applying CVar settings from Section [/Script/UnrealEd.CookerSettings] File [C:/Users/13462/Documents/GitHub/level_design_2/Karl_Kincheon_pro_2/Saved/Config/Windows/Engine.ini]
[2020.03.11-17.58.57:684][  0]LogConfig: Applying CVar settings from Section [ViewDistanceQuality@3] File [C:/Users/13462/Documents/GitHub/level_design_2/Karl_Kincheon_pro_2/Saved/Config/Windows/Scalability.ini]
[2020.03.11-17.58.57:684][  0]LogConfig: Setting CVar [[r.SkeletalMeshLODBias:0]]
[2020.03.11-17.58.57:684][  0]LogConfig: Setting CVar [[r.ViewDistanceScale:1.0]]
[2020.03.11-17.58.57:684][  0]LogConfig: Applying CVar settings from Section [AntiAliasingQuality@3] File [C:/Users/13462/Documents/GitHub/level_design_2/Karl_Kincheon_pro_2/Saved/Config/Windows/Scalability.ini]
[2020.03.11-17.58.57:684][  0]LogConfig: Setting CVar [[r.PostProcessAAQuality:4]]
[2020.03.11-17.58.57:684][  0]LogConfig: Applying CVar settings from Section [ShadowQuality@3] File [C:/Users/13462/Documents/GitHub/level_design_2/Karl_Kincheon_pro_2/Saved/Config/Windows/Scalability.ini]
[2020.03.11-17.58.57:684][  0]LogConfig: Setting CVar [[r.LightFunctionQuality:1]]
[2020.03.11-17.58.57:684][  0]LogConfig: Setting CVar [[r.ShadowQuality:5]]
[2020.03.11-17.58.57:684][  0]LogConfig: Setting CVar [[r.Shadow.CSM.MaxCascades:10]]
[2020.03.11-17.58.57:684][  0]LogConfig: Setting CVar [[r.Shadow.MaxResolution:2048]]
[2020.03.11-17.58.57:684][  0]LogConfig: Setting CVar [[r.Shadow.MaxCSMResolution:2048]]
[2020.03.11-17.58.57:684][  0]LogConfig: Setting CVar [[r.Shadow.RadiusThreshold:0.01]]
[2020.03.11-17.58.57:684][  0]LogConfig: Setting CVar [[r.Shadow.DistanceScale:1.0]]
[2020.03.11-17.58.57:684][  0]LogConfig: Setting CVar [[r.Shadow.CSM.TransitionScale:1.0]]
[2020.03.11-17.58.57:684][  0]LogConfig: Setting CVar [[r.Shadow.PreShadowResolutionFactor:1.0]]
[2020.03.11-17.58.57:684][  0]LogConfig: Setting CVar [[r.DistanceFieldShadowing:1]]
[2020.03.11-17.58.57:684][  0]LogConfig: Setting CVar [[r.DistanceFieldAO:1]]
[2020.03.11-17.58.57:684][  0]LogConfig: Setting CVar [[r.AOQuality:2]]
[2020.03.11-17.58.57:684][  0]LogConfig: Setting CVar [[r.VolumetricFog:1]]
[2020.03.11-17.58.57:684][  0]LogConfig: Setting CVar [[r.VolumetricFog.GridPixelSize:8]]
[2020.03.11-17.58.57:684][  0]LogConfig: Setting CVar [[r.VolumetricFog.GridSizeZ:128]]
[2020.03.11-17.58.57:684][  0]LogConfig: Setting CVar [[r.VolumetricFog.HistoryMissSupersampleCount:4]]
[2020.03.11-17.58.57:684][  0]LogConfig: Setting CVar [[r.LightMaxDrawDistanceScale:1]]
[2020.03.11-17.58.57:684][  0]LogConfig: Setting CVar [[r.CapsuleShadows:1]]
[2020.03.11-17.58.57:684][  0]LogConfig: Applying CVar settings from Section [PostProcessQuality@3] File [C:/Users/13462/Documents/GitHub/level_design_2/Karl_Kincheon_pro_2/Saved/Config/Windows/Scalability.ini]
[2020.03.11-17.58.57:684][  0]LogConfig: Setting CVar [[r.MotionBlurQuality:4]]
[2020.03.11-17.58.57:684][  0]LogConfig: Setting CVar [[r.AmbientOcclusionMipLevelFactor:0.4]]
[2020.03.11-17.58.57:684][  0]LogConfig: Setting CVar [[r.AmbientOcclusionMaxQuality:100]]
[2020.03.11-17.58.57:684][  0]LogConfig: Setting CVar [[r.AmbientOcclusionLevels:-1]]
[2020.03.11-17.58.57:684][  0]LogConfig: Setting CVar [[r.AmbientOcclusionRadiusScale:1.0]]
[2020.03.11-17.58.57:684][  0]LogConfig: Setting CVar [[r.DepthOfFieldQuality:2]]
[2020.03.11-17.58.57:684][  0]LogConfig: Setting CVar [[r.RenderTargetPoolMin:400]]
[2020.03.11-17.58.57:684][  0]LogConfig: Setting CVar [[r.LensFlareQuality:2]]
[2020.03.11-17.58.57:684][  0]LogConfig: Setting CVar [[r.SceneColorFringeQuality:1]]
[2020.03.11-17.58.57:684][  0]LogConfig: Setting CVar [[r.EyeAdaptationQuality:2]]
[2020.03.11-17.58.57:684][  0]LogConfig: Setting CVar [[r.BloomQuality:5]]
[2020.03.11-17.58.57:684][  0]LogConfig: Setting CVar [[r.FastBlurThreshold:100]]
[2020.03.11-17.58.57:684][  0]LogConfig: Setting CVar [[r.Upscale.Quality:3]]
[2020.03.11-17.58.57:684][  0]LogConfig: Setting CVar [[r.Tonemapper.GrainQuantization:1]]
[2020.03.11-17.58.57:684][  0]LogConfig: Setting CVar [[r.LightShaftQuality:1]]
[2020.03.11-17.58.57:684][  0]LogConfig: Setting CVar [[r.Filter.SizeScale:1]]
[2020.03.11-17.58.57:684][  0]LogConfig: Setting CVar [[r.Tonemapper.Quality:5]]
[2020.03.11-17.58.57:685][  0]LogConfig: Setting CVar [[r.DOF.Gather.AccumulatorQuality:1        ; higher gathering accumulator quality]]
[2020.03.11-17.58.57:685][  0]LogConfig: Setting CVar [[r.DOF.Gather.PostfilterMethod:1          ; Median3x3 postfilering method]]
[2020.03.11-17.58.57:685][  0]LogConfig: Setting CVar [[r.DOF.Gather.EnableBokehSettings:0       ; no bokeh simulation when gathering]]
[2020.03.11-17.58.57:685][  0]LogConfig: Setting CVar [[r.DOF.Gather.RingCount:4                 ; medium number of samples when gathering]]
[2020.03.11-17.58.57:685][  0]LogConfig: Setting CVar [[r.DOF.Scatter.ForegroundCompositing:1    ; additive foreground scattering]]
[2020.03.11-17.58.57:685][  0]LogConfig: Setting CVar [[r.DOF.Scatter.BackgroundCompositing:2    ; additive background scattering]]
[2020.03.11-17.58.57:685][  0]LogConfig: Setting CVar [[r.DOF.Scatter.EnableBokehSettings:1      ; bokeh simulation when scattering]]
[2020.03.11-17.58.57:685][  0]LogConfig: Setting CVar [[r.DOF.Scatter.MaxSpriteRatio:0.1         ; only a maximum of 10% of scattered bokeh]]
[2020.03.11-17.58.57:685][  0]LogConfig: Setting CVar [[r.DOF.Recombine.Quality:1                ; cheap slight out of focus]]
[2020.03.11-17.58.57:685][  0]LogConfig: Setting CVar [[r.DOF.Recombine.EnableBokehSettings:0    ; no bokeh simulation on slight out of focus]]
[2020.03.11-17.58.57:685][  0]LogConfig: Setting CVar [[r.DOF.TemporalAAQuality:1                ; more stable temporal accumulation]]
[2020.03.11-17.58.57:685][  0]LogConfig: Setting CVar [[r.DOF.Kernel.MaxForegroundRadius:0.025]]
[2020.03.11-17.58.57:685][  0]LogConfig: Setting CVar [[r.DOF.Kernel.MaxBackgroundRadius:0.025]]
[2020.03.11-17.58.57:685][  0]LogConfig: Applying CVar settings from Section [TextureQuality@3] File [C:/Users/13462/Documents/GitHub/level_design_2/Karl_Kincheon_pro_2/Saved/Config/Windows/Scalability.ini]
[2020.03.11-17.58.57:685][  0]LogConfig: Setting CVar [[r.Streaming.MipBias:0]]
[2020.03.11-17.58.57:685][  0]LogConfig: Setting CVar [[r.Streaming.AmortizeCPUToGPUCopy:0]]
[2020.03.11-17.58.57:685][  0]LogConfig: Setting CVar [[r.Streaming.MaxNumTexturesToStreamPerFrame:0]]
[2020.03.11-17.58.57:685][  0]LogConfig: Setting CVar [[r.Streaming.Boost:1]]
[2020.03.11-17.58.57:685][  0]LogConfig: Setting CVar [[r.MaxAnisotropy:8]]
[2020.03.11-17.58.57:685][  0]LogConfig: Setting CVar [[r.VT.MaxAnisotropy:8]]
[2020.03.11-17.58.57:685][  0]LogConfig: Setting CVar [[r.Streaming.LimitPoolSizeToVRAM:0]]
[2020.03.11-17.58.57:685][  0]LogConfig: Setting CVar [[r.Streaming.PoolSize:1000]]
[2020.03.11-17.58.57:685][  0]LogConfig: Setting CVar [[r.Streaming.MaxEffectiveScreenSize:0]]
[2020.03.11-17.58.57:685][  0]LogConfig: Applying CVar settings from Section [EffectsQuality@3] File [C:/Users/13462/Documents/GitHub/level_design_2/Karl_Kincheon_pro_2/Saved/Config/Windows/Scalability.ini]
[2020.03.11-17.58.57:685][  0]LogConfig: Setting CVar [[r.TranslucencyLightingVolumeDim:64]]
[2020.03.11-17.58.57:685][  0]LogConfig: Setting CVar [[r.RefractionQuality:2]]
[2020.03.11-17.58.57:685][  0]LogConfig: Setting CVar [[r.SSR.Quality:3]]
[2020.03.11-17.58.57:685][  0]LogConfig: Setting CVar [[r.SSR.HalfResSceneColor:0]]
[2020.03.11-17.58.57:685][  0]LogConfig: Setting CVar [[r.SceneColorFormat:4]]
[2020.03.11-17.58.57:685][  0]LogConfig: Setting CVar [[r.DetailMode:2]]
[2020.03.11-17.58.57:685][  0]LogConfig: Setting CVar [[r.TranslucencyVolumeBlur:1]]
[2020.03.11-17.58.57:685][  0]LogConfig: Setting CVar [[r.MaterialQualityLevel:1 ; High quality]]
[2020.03.11-17.58.57:685][  0]LogConfig: Setting CVar [[r.SSS.Scale:1]]
[2020.03.11-17.58.57:685][  0]LogConfig: Setting CVar [[r.SSS.SampleSet:2]]
[2020.03.11-17.58.57:685][  0]LogConfig: Setting CVar [[r.SSS.Quality:1]]
[2020.03.11-17.58.57:685][  0]LogConfig: Setting CVar [[r.SSS.HalfRes:1]]
[2020.03.11-17.58.57:685][  0]LogConfig: Setting CVar [[r.SSGI.Quality:3]]
[2020.03.11-17.58.57:685][  0]LogConfig: Setting CVar [[r.EmitterSpawnRateScale:1.0]]
[2020.03.11-17.58.57:685][  0]LogConfig: Setting CVar [[r.ParticleLightQuality:2]]
[2020.03.11-17.58.57:685][  0]LogConfig: Setting CVar [[r.SkyAtmosphere.AerialPerspectiveLUT.FastApplyOnOpaque:1 ; Always have FastSkyLUT 1 in this case to avoid wrong sky]]
[2020.03.11-17.58.57:685][  0]LogConfig: Setting CVar [[r.SkyAtmosphere.AerialPerspectiveLUT.SampleCountPerSlice:1]]
[2020.03.11-17.58.57:685][  0]LogConfig: Setting CVar [[r.SkyAtmosphere.AerialPerspectiveLUT.DepthResolution:16.0]]
[2020.03.11-17.58.57:685][  0]LogConfig: Setting CVar [[r.SkyAtmosphere.FastSkyLUT:1]]
[2020.03.11-17.58.57:685][  0]LogConfig: Setting CVar [[r.SkyAtmosphere.FastSkyLUT.SampleCountMin:4.0]]
[2020.03.11-17.58.57:685][  0]LogConfig: Setting CVar [[r.SkyAtmosphere.FastSkyLUT.SampleCountMax:32.0]]
[2020.03.11-17.58.57:685][  0]LogConfig: Setting CVar [[r.SkyAtmosphere.SampleCountMin:4.0]]
[2020.03.11-17.58.57:685][  0]LogConfig: Setting CVar [[r.SkyAtmosphere.SampleCountMax:32.0]]
[2020.03.11-17.58.57:685][  0]LogConfig: Setting CVar [[r.SkyAtmosphere.TransmittanceLUT.UseSmallFormat:0]]
[2020.03.11-17.58.57:685][  0]LogConfig: Setting CVar [[r.SkyAtmosphere.TransmittanceLUT.SampleCount:10.0]]
[2020.03.11-17.58.57:685][  0]LogConfig: Setting CVar [[r.SkyAtmosphere.MultiScatteringLUT.SampleCount:15.0]]
[2020.03.11-17.58.57:685][  0]LogConfig: Applying CVar settings from Section [FoliageQuality@3] File [C:/Users/13462/Documents/GitHub/level_design_2/Karl_Kincheon_pro_2/Saved/Config/Windows/Scalability.ini]
[2020.03.11-17.58.57:685][  0]LogConfig: Setting CVar [[foliage.DensityScale:1.0]]
[2020.03.11-17.58.57:685][  0]LogConfig: Setting CVar [[grass.DensityScale:1.0]]
[2020.03.11-17.58.57:685][  0]LogConfig: Applying CVar settings from Section [ShadingQuality@3] File [C:/Users/13462/Documents/GitHub/level_design_2/Karl_Kincheon_pro_2/Saved/Config/Windows/Scalability.ini]
[2020.03.11-17.58.57:685][  0]LogConfig: Setting CVar [[r.HairStrands.SkyLighting.SampleCount:16]]
[2020.03.11-17.58.57:685][  0]LogConfig: Setting CVar [[r.HairStrands.SkyLighting.JitterIntegration:0]]
[2020.03.11-17.58.57:685][  0]LogConfig: Setting CVar [[r.HairStrands.SkyAO.SampleCount:16]]
[2020.03.11-17.58.57:704][  0]LogInit: Selected Device Profile: [Windows]
[2020.03.11-17.58.57:705][  0]LogInit: Applying CVar settings loaded from the selected device profile: [Windows]
[2020.03.11-17.58.57:757][  0]LogHAL: Display: Platform has ~ 16 GB [16964677632 / 17179869184 / 16], which maps to Larger [LargestMinGB=32, LargerMinGB=12, DefaultMinGB=8, SmallerMinGB=6, SmallestMinGB=0)
[2020.03.11-17.58.57:757][  0]LogInit: Going up to parent DeviceProfile []
[2020.03.11-17.58.57:758][  0]LogConfig: Applying CVar settings from Section [ViewDistanceQuality@1] File [C:/Users/13462/Documents/GitHub/level_design_2/Karl_Kincheon_pro_2/Saved/Config/Windows/Scalability.ini]
[2020.03.11-17.58.57:758][  0]LogConfig: Setting CVar [[r.SkeletalMeshLODBias:1]]
[2020.03.11-17.58.57:758][  0]LogConfig: Setting CVar [[r.ViewDistanceScale:0.6]]
[2020.03.11-17.58.57:759][  0]LogConfig: Applying CVar settings from Section [AntiAliasingQuality@0] File [C:/Users/13462/Documents/GitHub/level_design_2/Karl_Kincheon_pro_2/Saved/Config/Windows/Scalability.ini]
[2020.03.11-17.58.57:759][  0]LogConfig: Setting CVar [[r.PostProcessAAQuality:0]]
[2020.03.11-17.58.57:759][  0]LogConfig: Applying CVar settings from Section [ShadowQuality@0] File [C:/Users/13462/Documents/GitHub/level_design_2/Karl_Kincheon_pro_2/Saved/Config/Windows/Scalability.ini]
[2020.03.11-17.58.57:759][  0]LogConfig: Setting CVar [[r.LightFunctionQuality:0]]
[2020.03.11-17.58.57:759][  0]LogConfig: Setting CVar [[r.ShadowQuality:0]]
[2020.03.11-17.58.57:759][  0]LogConfig: Setting CVar [[r.Shadow.CSM.MaxCascades:1]]
[2020.03.11-17.58.57:759][  0]LogConfig: Setting CVar [[r.Shadow.MaxResolution:512]]
[2020.03.11-17.58.57:759][  0]LogConfig: Setting CVar [[r.Shadow.MaxCSMResolution:512]]
[2020.03.11-17.58.57:759][  0]LogConfig: Setting CVar [[r.Shadow.RadiusThreshold:0.06]]
[2020.03.11-17.58.57:759][  0]LogConfig: Setting CVar [[r.Shadow.DistanceScale:0.6]]
[2020.03.11-17.58.57:759][  0]LogConfig: Setting CVar [[r.Shadow.CSM.TransitionScale:0]]
[2020.03.11-17.58.57:759][  0]LogConfig: Setting CVar [[r.Shadow.PreShadowResolutionFactor:0.5]]
[2020.03.11-17.58.57:759][  0]LogConfig: Setting CVar [[r.DistanceFieldShadowing:0]]
[2020.03.11-17.58.57:759][  0]LogConfig: Setting CVar [[r.DistanceFieldAO:0]]
[2020.03.11-17.58.57:759][  0]LogConfig: Setting CVar [[r.VolumetricFog:0]]
[2020.03.11-17.58.57:759][  0]LogConfig: Setting CVar [[r.LightMaxDrawDistanceScale:0]]
[2020.03.11-17.58.57:759][  0]LogConfig: Setting CVar [[r.CapsuleShadows:0]]
[2020.03.11-17.58.57:759][  0]LogConfig: Applying CVar settings from Section [PostProcessQuality@0] File [C:/Users/13462/Documents/GitHub/level_design_2/Karl_Kincheon_pro_2/Saved/Config/Windows/Scalability.ini]
[2020.03.11-17.58.57:759][  0]LogConfig: Setting CVar [[r.MotionBlurQuality:0]]
[2020.03.11-17.58.57:759][  0]LogConfig: Setting CVar [[r.AmbientOcclusionMipLevelFactor:1.0]]
[2020.03.11-17.58.57:759][  0]LogConfig: Setting CVar [[r.AmbientOcclusionMaxQuality:0]]
[2020.03.11-17.58.57:759][  0]LogConfig: Setting CVar [[r.AmbientOcclusionLevels:0]]
[2020.03.11-17.58.57:759][  0]LogConfig: Setting CVar [[r.AmbientOcclusionRadiusScale:1.2]]
[2020.03.11-17.58.57:759][  0]LogConfig: Setting CVar [[r.DepthOfFieldQuality:0]]
[2020.03.11-17.58.57:759][  0]LogConfig: Setting CVar [[r.RenderTargetPoolMin:300]]
[2020.03.11-17.58.57:759][  0]LogConfig: Setting CVar [[r.LensFlareQuality:0]]
[2020.03.11-17.58.57:759][  0]LogConfig: Setting CVar [[r.SceneColorFringeQuality:0]]
[2020.03.11-17.58.57:759][  0]LogConfig: Setting CVar [[r.EyeAdaptationQuality:0]]
[2020.03.11-17.58.57:759][  0]LogConfig: Setting CVar [[r.BloomQuality:4]]
[2020.03.11-17.58.57:759][  0]LogConfig: Setting CVar [[r.FastBlurThreshold:0]]
[2020.03.11-17.58.57:759][  0]LogConfig: Setting CVar [[r.Upscale.Quality:1]]
[2020.03.11-17.58.57:759][  0]LogConfig: Setting CVar [[r.Tonemapper.GrainQuantization:0]]
[2020.03.11-17.58.57:759][  0]LogConfig: Setting CVar [[r.LightShaftQuality:0]]
[2020.03.11-17.58.57:759][  0]LogConfig: Setting CVar [[r.Filter.SizeScale:0.6]]
[2020.03.11-17.58.57:759][  0]LogConfig: Setting CVar [[r.Tonemapper.Quality:0]]
[2020.03.11-17.58.57:759][  0]LogConfig: Applying CVar settings from Section [TextureQuality@0] File [C:/Users/13462/Documents/GitHub/level_design_2/Karl_Kincheon_pro_2/Saved/Config/Windows/Scalability.ini]
[2020.03.11-17.58.57:759][  0]LogConfig: Setting CVar [[r.Streaming.MipBias:16]]
[2020.03.11-17.58.57:759][  0]LogConfig: Setting CVar [[r.Streaming.AmortizeCPUToGPUCopy:1]]
[2020.03.11-17.58.57:759][  0]LogConfig: Setting CVar [[r.Streaming.MaxNumTexturesToStreamPerFrame:1]]
[2020.03.11-17.58.57:759][  0]LogConfig: Setting CVar [[r.Streaming.Boost:0.3]]
[2020.03.11-17.58.57:759][  0]LogConfig: Setting CVar [[r.MaxAnisotropy:0]]
[2020.03.11-17.58.57:759][  0]LogConfig: Setting CVar [[r.VT.MaxAnisotropy:4]]
[2020.03.11-17.58.57:759][  0]LogConfig: Setting CVar [[r.Streaming.LimitPoolSizeToVRAM:1]]
[2020.03.11-17.58.57:759][  0]LogConfig: Setting CVar [[r.Streaming.PoolSize:400]]
[2020.03.11-17.58.57:759][  0]LogConfig: Setting CVar [[r.Streaming.MaxEffectiveScreenSize:0]]
[2020.03.11-17.58.57:760][  0]LogConfig: Applying CVar settings from Section [EffectsQuality@0] File [C:/Users/13462/Documents/GitHub/level_design_2/Karl_Kincheon_pro_2/Saved/Config/Windows/Scalability.ini]
[2020.03.11-17.58.57:760][  0]LogConfig: Setting CVar [[r.TranslucencyLightingVolumeDim:24]]
[2020.03.11-17.58.57:760][  0]LogConfig: Setting CVar [[r.RefractionQuality:0]]
[2020.03.11-17.58.57:760][  0]LogConfig: Setting CVar [[r.SSR.Quality:0]]
[2020.03.11-17.58.57:760][  0]LogConfig: Setting CVar [[r.SSR.HalfResSceneColor:1]]
[2020.03.11-17.58.57:760][  0]LogConfig: Setting CVar [[r.SceneColorFormat:3]]
[2020.03.11-17.58.57:760][  0]LogConfig: Setting CVar [[r.DetailMode:0]]
[2020.03.11-17.58.57:760][  0]LogConfig: Setting CVar [[r.TranslucencyVolumeBlur:0]]
[2020.03.11-17.58.57:760][  0]LogConfig: Setting CVar [[r.MaterialQualityLevel:0 ; Low quality]]
[2020.03.11-17.58.57:760][  0]LogConfig: Setting CVar [[r.SSS.Scale:0]]
[2020.03.11-17.58.57:760][  0]LogConfig: Setting CVar [[r.SSS.SampleSet:0]]
[2020.03.11-17.58.57:760][  0]LogConfig: Setting CVar [[r.SSS.Quality:0]]
[2020.03.11-17.58.57:760][  0]LogConfig: Setting CVar [[r.SSS.HalfRes:1]]
[2020.03.11-17.58.57:760][  0]LogConfig: Setting CVar [[r.SSGI.Quality:0]]
[2020.03.11-17.58.57:760][  0]LogConfig: Setting CVar [[r.EmitterSpawnRateScale:0.125]]
[2020.03.11-17.58.57:760][  0]LogConfig: Setting CVar [[r.ParticleLightQuality:0]]
[2020.03.11-17.58.57:760][  0]LogConfig: Setting CVar [[r.SkyAtmosphere.AerialPerspectiveLUT.FastApplyOnOpaque:1 ; Always have FastSkyLUT 1 in this case to avoid wrong sky]]
[2020.03.11-17.58.57:760][  0]LogConfig: Setting CVar [[r.SkyAtmosphere.AerialPerspectiveLUT.SampleCountPerSlice:1]]
[2020.03.11-17.58.57:760][  0]LogConfig: Setting CVar [[r.SkyAtmosphere.AerialPerspectiveLUT.DepthResolution:8.0]]
[2020.03.11-17.58.57:760][  0]LogConfig: Setting CVar [[r.SkyAtmosphere.FastSkyLUT:1]]
[2020.03.11-17.58.57:760][  0]LogConfig: Setting CVar [[r.SkyAtmosphere.FastSkyLUT.SampleCountMin:2.0]]
[2020.03.11-17.58.57:760][  0]LogConfig: Setting CVar [[r.SkyAtmosphere.FastSkyLUT.SampleCountMax:16.0]]
[2020.03.11-17.58.57:760][  0]LogConfig: Setting CVar [[r.SkyAtmosphere.SampleCountMin:2.0]]
[2020.03.11-17.58.57:760][  0]LogConfig: Setting CVar [[r.SkyAtmosphere.SampleCountMax:16.0]]
[2020.03.11-17.58.57:760][  0]LogConfig: Setting CVar [[r.SkyAtmosphere.TransmittanceLUT.UseSmallFormat:1]]
[2020.03.11-17.58.57:760][  0]LogConfig: Setting CVar [[r.SkyAtmosphere.TransmittanceLUT.SampleCount:10.0]]
[2020.03.11-17.58.57:760][  0]LogConfig: Setting CVar [[r.SkyAtmosphere.MultiScatteringLUT.SampleCount:15.0]]
[2020.03.11-17.58.57:760][  0]LogConfig: Applying CVar settings from Section [FoliageQuality@0] File [C:/Users/13462/Documents/GitHub/level_design_2/Karl_Kincheon_pro_2/Saved/Config/Windows/Scalability.ini]
[2020.03.11-17.58.57:760][  0]LogConfig: Setting CVar [[foliage.DensityScale:0]]
[2020.03.11-17.58.57:760][  0]LogConfig: Setting CVar [[grass.DensityScale:0]]
[2020.03.11-17.58.57:760][  0]LogConfig: Applying CVar settings from Section [ShadingQuality@3] File [C:/Users/13462/Documents/GitHub/level_design_2/Karl_Kincheon_pro_2/Saved/Config/Windows/Scalability.ini]
[2020.03.11-17.58.57:760][  0]LogConfig: Setting CVar [[r.HairStrands.SkyLighting.SampleCount:16]]
[2020.03.11-17.58.57:760][  0]LogConfig: Setting CVar [[r.HairStrands.SkyLighting.JitterIntegration:0]]
[2020.03.11-17.58.57:760][  0]LogConfig: Setting CVar [[r.HairStrands.SkyAO.SampleCount:16]]
[2020.03.11-17.58.57:760][  0]LogConfig: Applying CVar settings from Section [Startup] File [../../../Engine/Config/ConsoleVariables.ini]
[2020.03.11-17.58.57:770][  0]LogConfig: Setting CVar [[net.UseAdaptiveNetUpdateFrequency:0]]
[2020.03.11-17.58.57:770][  0]LogConfig: Setting CVar [[p.chaos.AllowCreatePhysxBodies:1]]
[2020.03.11-17.58.57:770][  0]LogConfig: Applying CVar settings from Section [ConsoleVariables] File [C:/Users/13462/Documents/GitHub/level_design_2/Karl_Kincheon_pro_2/Saved/Config/Windows/Engine.ini]
[2020.03.11-17.58.57:794][  0]LogInit: Computer: DESKTOP-IFJPMID
[2020.03.11-17.58.57:794][  0]LogInit: User: 13462
[2020.03.11-17.58.57:794][  0]LogInit: CPU Page size=4096, Cores=4
[2020.03.11-17.58.57:794][  0]LogInit: High frequency timer resolution =10.000000 MHz
[2020.03.11-17.58.57:794][  0]LogMemory: Memory total: Physical=15.8GB (16GB approx)
[2020.03.11-17.58.57:795][  0]LogMemory: Platform Memory Stats for Windows
[2020.03.11-17.58.57:795][  0]LogMemory: Process Physical Memory: 108.87 MB used, 108.87 MB peak
[2020.03.11-17.58.57:795][  0]LogMemory: Process Virtual Memory: 100.65 MB used, 100.65 MB peak
[2020.03.11-17.58.57:795][  0]LogMemory: Physical Memory: 8858.94 MB used,  7319.84 MB free, 16178.78 MB total
[2020.03.11-17.58.57:795][  0]LogMemory: Virtual Memory: 5103.70 MB used,  134212624.00 MB free, 134217728.00 MB total
[2020.03.11-17.58.57:803][  0]LogWindows: WindowsPlatformFeatures enabled
[2020.03.11-17.58.58:690][  0]LogInit: Using OS detected language (en-US).
[2020.03.11-17.58.58:690][  0]LogInit: Using OS detected locale (en-US).
[2020.03.11-17.58.58:714][  0]LogTextLocalizationManager: No specific localization for 'en-US' exists, so the 'en' localization will be used.
[2020.03.11-17.58.59:510][  0]LogInit: Setting process to per monitor DPI aware
[2020.03.11-17.58.59:951][  0]LogSlate: New Slate User Created.  User Index 0, Is Virtual User: 0
[2020.03.11-17.58.59:951][  0]LogSlate: Slate User Registered.  User Index 0, Is Virtual User: 0
[2020.03.11-17.59.01:591][  0]LogHMD: Failed to initialize OpenVR with code 110
[2020.03.11-17.59.01:592][  0]LogD3D11RHI: D3D11 min allowed feature level: 11_0
[2020.03.11-17.59.01:592][  0]LogD3D11RHI: D3D11 max allowed feature level: 11_0
[2020.03.11-17.59.01:592][  0]LogD3D11RHI: D3D11 adapters:
[2020.03.11-17.59.02:631][  0]LogD3D11RHI:    0. 'NVIDIA GeForce GTX 1060 with Max-Q Design' (Feature Level 11_0)
[2020.03.11-17.59.02:631][  0]LogD3D11RHI:       6052/0/8089 MB DedicatedVideo/DedicatedSystem/SharedSystem, Outputs:1, VendorId:0x10de
[2020.03.11-17.59.02:655][  0]LogD3D11RHI:    1. 'Intel(R) UHD Graphics 630' (Feature Level 11_0)
[2020.03.11-17.59.02:655][  0]LogD3D11RHI:       128/0/8089 MB DedicatedVideo/DedicatedSystem/SharedSystem, Outputs:0, VendorId:0x8086
[2020.03.11-17.59.02:664][  0]LogD3D11RHI:    2. 'Microsoft Basic Render Driver' (Feature Level 11_0)
[2020.03.11-17.59.02:664][  0]LogD3D11RHI:       0/0/8089 MB DedicatedVideo/DedicatedSystem/SharedSystem, Outputs:0, VendorId:0x1414
[2020.03.11-17.59.02:664][  0]LogD3D11RHI: Chosen D3D11 Adapter: 0
[2020.03.11-17.59.02:723][  0]LogD3D11RHI: Creating new Direct3DDevice
[2020.03.11-17.59.02:724][  0]LogD3D11RHI:     GPU DeviceId: 0x1c20 (for the marketing name, search the web for "GPU Device Id")
[2020.03.11-17.59.02:724][  0]LogWindows: EnumDisplayDevices:
[2020.03.11-17.59.02:724][  0]LogWindows:    0. 'Intel(R) UHD Graphics 630' (P:1 D:1)
[2020.03.11-17.59.02:735][  0]LogWindows:    1. 'Intel(R) UHD Graphics 630' (P:0 D:0)
[2020.03.11-17.59.02:735][  0]LogWindows:    2. 'Intel(R) UHD Graphics 630' (P:0 D:0)
[2020.03.11-17.59.02:735][  0]LogWindows:    3. 'NVIDIA GeForce GTX 1060 with Max-Q Design' (P:0 D:0)
[2020.03.11-17.59.02:736][  0]LogWindows: DebugString: PrimaryIsNotTheChoosenAdapter PrimaryIsNotTheChoosenAdapter PrimaryIsNotTheChoosenAdapter 
[2020.03.11-17.59.02:736][  0]LogD3D11RHI:     Adapter Name: NVIDIA GeForce GTX 1060 with Max-Q Design
[2020.03.11-17.59.02:736][  0]LogD3D11RHI:   Driver Version: 398.36 (internal:24.21.13.9836, unified:398.36)
[2020.03.11-17.59.02:736][  0]LogD3D11RHI:      Driver Date: 6-24-2018
[2020.03.11-17.59.02:736][  0]LogRHI: Texture pool is 4236 MB (70% of 6052 MB)
[2020.03.11-17.59.02:805][  0]LogD3D11RHI: RHI has support for 64 bit atomics
[2020.03.11-17.59.02:806][  0]LogD3D11RHI: Async texture creation enabled
[2020.03.11-17.59.03:144][  0]LogD3D11RHI: GPU Timing Frequency: 1000.000000 (Debug: 2 2)
[2020.03.11-17.59.04:188][  0]LogTargetPlatformManager: Display: Loaded TargetPlatform 'AllDesktop'
[2020.03.11-17.59.04:274][  0]LogTargetPlatformManager: Display: Loaded TargetPlatform 'Android'
[2020.03.11-17.59.04:274][  0]LogTargetPlatformManager: Display: Loaded TargetPlatform 'Android_ASTC'
[2020.03.11-17.59.04:274][  0]LogTargetPlatformManager: Display: Loaded TargetPlatform 'Android_ATC'
[2020.03.11-17.59.04:274][  0]LogTargetPlatformManager: Display: Loaded TargetPlatform 'Android_DXT'
[2020.03.11-17.59.04:274][  0]LogTargetPlatformManager: Display: Loaded TargetPlatform 'Android_ETC1'
[2020.03.11-17.59.04:274][  0]LogTargetPlatformManager: Display: Loaded TargetPlatform 'Android_ETC1a'
[2020.03.11-17.59.04:274][  0]LogTargetPlatformManager: Display: Loaded TargetPlatform 'Android_ETC2'
[2020.03.11-17.59.04:274][  0]LogTargetPlatformManager: Display: Loaded TargetPlatform 'Android_PVRTC'
[2020.03.11-17.59.04:274][  0]LogTargetPlatformManager: Display: Loaded TargetPlatform 'AndroidClient'
[2020.03.11-17.59.04:274][  0]LogTargetPlatformManager: Display: Loaded TargetPlatform 'Android_ASTCClient'
[2020.03.11-17.59.04:274][  0]LogTargetPlatformManager: Display: Loaded TargetPlatform 'Android_ATCClient'
[2020.03.11-17.59.04:274][  0]LogTargetPlatformManager: Display: Loaded TargetPlatform 'Android_DXTClient'
[2020.03.11-17.59.04:274][  0]LogTargetPlatformManager: Display: Loaded TargetPlatform 'Android_ETC1Client'
[2020.03.11-17.59.04:274][  0]LogTargetPlatformManager: Display: Loaded TargetPlatform 'Android_ETC1aClient'
[2020.03.11-17.59.04:274][  0]LogTargetPlatformManager: Display: Loaded TargetPlatform 'Android_ETC2Client'
[2020.03.11-17.59.04:274][  0]LogTargetPlatformManager: Display: Loaded TargetPlatform 'Android_PVRTCClient'
[2020.03.11-17.59.04:274][  0]LogTargetPlatformManager: Display: Loaded TargetPlatform 'Android_Multi'
[2020.03.11-17.59.04:274][  0]LogTargetPlatformManager: Display: Loaded TargetPlatform 'Android_MultiClient'
[2020.03.11-17.59.04:369][  0]LogTargetPlatformManager: Display: Loaded TargetPlatform 'IOSClient'
[2020.03.11-17.59.04:369][  0]LogTargetPlatformManager: Display: Loaded TargetPlatform 'IOS'
[2020.03.11-17.59.04:393][  0]LogTargetPlatformManager: Display: Loaded TargetPlatform 'LinuxNoEditor'
[2020.03.11-17.59.04:410][  0]LogTargetPlatformManager: Display: Loaded TargetPlatform 'LinuxClient'
[2020.03.11-17.59.04:433][  0]LogTargetPlatformManager: Display: Loaded TargetPlatform 'LinuxServer'
[2020.03.11-17.59.04:448][  0]LogTargetPlatformManager: Display: Loaded TargetPlatform 'LinuxAArch64NoEditor'
[2020.03.11-17.59.04:473][  0]LogTargetPlatformManager: Display: Loaded TargetPlatform 'LinuxAArch64Client'
[2020.03.11-17.59.04:492][  0]LogTargetPlatformManager: Display: Loaded TargetPlatform 'LinuxAArch64Server'
[2020.03.11-17.59.04:536][  0]LogTargetPlatformManager: Display: Loaded TargetPlatform 'Lumin'
[2020.03.11-17.59.04:536][  0]LogTargetPlatformManager: Display: Loaded TargetPlatform 'LuminClient'
[2020.03.11-17.59.04:561][  0]LogTargetPlatformManager: Display: Loaded TargetPlatform 'TVOSClient'
[2020.03.11-17.59.04:561][  0]LogTargetPlatformManager: Display: Loaded TargetPlatform 'TVOS'
[2020.03.11-17.59.04:599][  0]LogTargetPlatformManager: Display: Loaded TargetPlatform 'WindowsNoEditor'
[2020.03.11-17.59.04:622][  0]LogTargetPlatformManager: Display: Loaded TargetPlatform 'Windows'
[2020.03.11-17.59.04:648][  0]LogTargetPlatformManager: Display: Loaded TargetPlatform 'WindowsClient'
[2020.03.11-17.59.04:667][  0]LogTargetPlatformManager: Display: Loaded TargetPlatform 'WindowsServer'
[2020.03.11-17.59.04:667][  0]LogTargetPlatformManager: Display: Building Assets For Windows
[2020.03.11-17.59.04:828][  0]LogAudioDebug: Display: Lib vorbis DLL was dynamically loaded.
[2020.03.11-17.59.05:636][  0]LogShaderCompilers: Guid format shader working directory is -19 characters bigger than the processId version (C:/Users/13462/Documents/GitHub/level_design_2/Karl_Kincheon_pro_2/Intermediate/Shaders/WorkingDirectory/400/).
[2020.03.11-17.59.05:636][  0]LogShaderCompilers: Cleaned the shader compiler working directory 'C:/Users/13462/AppData/Local/Temp/UnrealShaderWorkingDir/259DBDC74E2EA523998D8F856B197FC3/'.
[2020.03.11-17.59.05:674][  0]LogXGEController: Cleaning working directory: C:/Users/13462/AppData/Local/Temp/UnrealXGEWorkingDir/
[2020.03.11-17.59.05:674][  0]LogXGEController: Cannot use XGE Controller as Incredibuild is not installed on this machine.
[2020.03.11-17.59.05:675][  0]LogShaderCompilers: Cannot use XGE Shader Compiler as Incredibuild is not installed on this machine.
[2020.03.11-17.59.05:675][  0]LogShaderCompilers: Display: Using Local Shader Compiler.
[2020.03.11-17.59.07:829][  0]LogDerivedDataCache: Display: Max Cache Size: 512 MB
[2020.03.11-17.59.08:861][  0]LogDerivedDataCache: Loaded boot cache 1.03s 100MB C:/Users/13462/AppData/Local/UnrealEngine/4.24/DerivedDataCache/Boot.ddc.
[2020.03.11-17.59.08:861][  0]LogDerivedDataCache: Display: Loaded Boot cache: C:/Users/13462/AppData/Local/UnrealEngine/4.24/DerivedDataCache/Boot.ddc
[2020.03.11-17.59.08:861][  0]LogDerivedDataCache: FDerivedDataBackendGraph:  Pak pak cache file C:/Users/13462/Documents/GitHub/level_design_2/Karl_Kincheon_pro_2/DerivedDataCache/DDC.ddp not found, will not use a pak cache.
[2020.03.11-17.59.08:861][  0]LogDerivedDataCache: Unable to find inner node Pak for hierarchical cache Hierarchy.
[2020.03.11-17.59.08:861][  0]LogDerivedDataCache: FDerivedDataBackendGraph:  CompressedPak pak cache file C:/Users/13462/Documents/GitHub/level_design_2/Karl_Kincheon_pro_2/DerivedDataCache/Compressed.ddp not found, will not use a pak cache.
[2020.03.11-17.59.08:861][  0]LogDerivedDataCache: Unable to find inner node CompressedPak for hierarchical cache Hierarchy.
[2020.03.11-17.59.08:911][  0]LogDerivedDataCache: Display: Pak cache opened for reading ../../../Engine/DerivedDataCache/Compressed.ddp.
[2020.03.11-17.59.08:911][  0]LogDerivedDataCache: FDerivedDataBackendGraph:  EnterprisePak pak cache file ../../../Enterprise/DerivedDataCache/Compressed.ddp not found, will not use a pak cache.
[2020.03.11-17.59.08:911][  0]LogDerivedDataCache: Unable to find inner node EnterprisePak for hierarchical cache Hierarchy.
[2020.03.11-17.59.08:913][  0]LogDerivedDataCache: Using Local data cache path C:/Users/13462/AppData/Local/UnrealEngine/Common/DerivedDataCache: Writable
[2020.03.11-17.59.08:913][  0]LogDerivedDataCache: Shared data cache path not found in *engine.ini, will not use an Shared cache.
[2020.03.11-17.59.08:913][  0]LogDerivedDataCache: Unable to find inner node Shared for hierarchical cache Hierarchy.
[2020.03.11-17.59.09:016][  0]LogMaterial: Verifying Global Shaders for PCD3D_SM5
[2020.03.11-17.59.09:068][  0]LogSlate: Using FreeType 2.10.0
[2020.03.11-17.59.09:192][  0]LogSlate: SlateFontServices - WITH_FREETYPE: 1, WITH_HARFBUZZ: 1
[2020.03.11-17.59.09:862][  0]LogAssetRegistry: FAssetRegistry took 0.0081 seconds to start up
[2020.03.11-17.59.15:074][  0]LogInit: Selected Device Profile: [Windows]
[2020.03.11-17.59.16:557][  0]LogMeshReduction: Using QuadricMeshReduction for automatic static mesh reduction
[2020.03.11-17.59.16:557][  0]LogMeshReduction: Using SimplygonMeshReduction for automatic skeletal mesh reduction
[2020.03.11-17.59.16:557][  0]LogMeshReduction: Using ProxyLODMeshReduction for automatic mesh merging
[2020.03.11-17.59.16:557][  0]LogMeshReduction: No distributed automatic mesh merging module available
[2020.03.11-17.59.16:557][  0]LogMeshMerging: No distributed automatic mesh merging module available
[2020.03.11-17.59.16:930][  0]LogNetVersion: Karl_Kincheon_pro_2 1.0.0, NetCL: 10570792, EngineNetVer: 13, GameNetVer: 0 (Checksum: 3977547349)
[2020.03.11-17.59.25:313][  0]LogPackageLocalizationCache: Processed 10 localized package path(s) for 1 prioritized culture(s) in 0.089440 seconds
[2020.03.11-17.59.25:322][  0]LogUObjectArray: 46750 objects as part of root set at end of initial load.
[2020.03.11-17.59.25:322][  0]LogUObjectAllocator: 8137160 out of 0 bytes used by permanent object pool.
[2020.03.11-17.59.25:322][  0]LogUObjectArray: CloseDisregardForGC: 0/0 objects in disregard for GC pool
[2020.03.11-17.59.29:449][  0]LogTcpMessaging: Initializing TcpMessaging bridge
[2020.03.11-17.59.29:492][  0]LogUdpMessaging: Initializing bridge on interface 0.0.0.0:0 to multicast group 230.0.0.1:6666.
[2020.03.11-17.59.30:240][  0]SourceControl: Source control is disabled
[2020.03.11-17.59.30:252][  0]SourceControl: Source control is disabled
[2020.03.11-17.59.30:345][  0]SourceControl: Source control is disabled
[2020.03.11-17.59.30:370][  0]SourceControl: Source control is disabled
[2020.03.11-17.59.30:401][  0]SourceControl: Source control is disabled
[2020.03.11-17.59.31:749][  0]LogAndroidPermission: UAndroidPermissionCallbackProxy::GetInstance
[2020.03.11-17.59.31:858][  0]LogAudioCaptureCore: Display: No Audio Capture implementations found. Audio input will be silent.
[2020.03.11-17.59.31:858][  0]LogAudioCaptureCore: Display: No Audio Capture implementations found. Audio input will be silent.
[2020.03.11-17.59.32:447][  0]LogOcInput: OculusInput pre-init called
[2020.03.11-17.59.32:514][  0]LogWindows: Failed to load 'OVRPlugin.dll' (GetLastError=126)
[2020.03.11-17.59.32:514][  0]LogWindows: File 'OVRPlugin.dll' does not exist
[2020.03.11-17.59.34:044][  0]LogEngine: Initializing Engine...
[2020.03.11-17.59.34:081][  0]LogHMD: Failed to initialize OpenVR with code 110
[2020.03.11-17.59.34:145][  0]LogStats: UGameplayTagsManager::InitializeManager -  0.017 s
[2020.03.11-17.59.34:866][  0]LogInit: Initializing FReadOnlyCVARCache
[2020.03.11-17.59.35:448][  0]LogAIModule: Creating AISystem for world Untitled
[2020.03.11-17.59.35:640][  0]LogAudioMixer: Display: Audio Mixer Platform Settings:
[2020.03.11-17.59.35:641][  0]LogAudioMixer: Display: 	Sample Rate:						  48000
[2020.03.11-17.59.35:641][  0]LogAudioMixer: Display: 	Callback Buffer Frame Size Requested: 1024
[2020.03.11-17.59.35:641][  0]LogAudioMixer: Display: 	Callback Buffer Frame Size To Use:	  1024
[2020.03.11-17.59.35:641][  0]LogAudioMixer: Display: 	Number of buffers to queue:			  2
[2020.03.11-17.59.35:641][  0]LogAudioMixer: Display: 	Max Channels (voices):				  32
[2020.03.11-17.59.35:641][  0]LogAudioMixer: Display: 	Number of Async Source Workers:		  0
[2020.03.11-17.59.35:641][  0]LogAudio: Display: AudioDevice MaxSources: 32
[2020.03.11-17.59.35:645][  0]LogAudio: Display: Using built-in audio occlusion.
[2020.03.11-17.59.35:646][  0]LogAudioMixer: Display: Initializing audio mixer.
[2020.03.11-17.59.35:670][  0]LogAudioMixer: Display: Audio Device Output Speaker Info:
[2020.03.11-17.59.35:670][  0]LogAudioMixer: Display: Name: Speakers/Headphones (Realtek(R) Audio)
[2020.03.11-17.59.35:670][  0]LogAudioMixer: Display: Is Default: Yes
[2020.03.11-17.59.35:670][  0]LogAudioMixer: Display: Sample Rate: 48000
[2020.03.11-17.59.35:670][  0]LogAudioMixer: Display: Channel Count Used: 2
[2020.03.11-17.59.35:670][  0]LogAudioMixer: Display: Device Channel Count: 2
[2020.03.11-17.59.35:670][  0]LogAudioMixer: Display: Channel Order:
[2020.03.11-17.59.35:670][  0]LogAudioMixer: Display: 0: FrontLeft
[2020.03.11-17.59.35:670][  0]LogAudioMixer: Display: 1: FrontRight
[2020.03.11-17.59.35:694][  0]LogAudioMixer: Display: Using Audio Device Speakers/Headphones (Realtek(R) Audio)
[2020.03.11-17.59.35:740][  0]LogInit: FAudioDevice initialized.
[2020.03.11-17.59.35:756][  0]LogNetVersion: Set ProjectVersion to 1.0.0.0. Version Checksum will be recalculated on next use.
[2020.03.11-17.59.38:185][  0]LogDerivedDataCache: Saved boot cache 2.43s 100MB C:/Users/13462/AppData/Local/UnrealEngine/4.24/DerivedDataCache/Boot.ddc.
[2020.03.11-17.59.38:212][  0]LogInit: Texture streaming: Enabled
[2020.03.11-17.59.38:420][  0]LogEngineSessionManager: EngineSessionManager initialized
[2020.03.11-17.59.38:422][  0]LogEditorSessionSummary: Verbose: Initializing EditorSessionSummaryWriter for editor session tracking
[2020.03.11-17.59.38:437][  0]LogEditorSessionSummary: EditorSessionSummaryWriter initialized
[2020.03.11-17.59.38:857][  0]LogInit: Transaction tracking system initialized
[2020.03.11-17.59.39:290][  0]BlueprintLog: New page: Editor Load
[2020.03.11-17.59.40:434][  0]LocalizationService: Localization service is disabled
[2020.03.11-17.59.44:072][  0]LogFileCache: Scanning file cache for directory 'C:/Users/13462/Documents/GitHub/level_design_2/Karl_Kincheon_pro_2/Content/' took 0.02s
[2020.03.11-17.59.44:072][  0]LogCook: Display: Max memory allowance for cook 16384mb min free memory 0mb
[2020.03.11-17.59.44:078][  0]LogCook: Display: Mobile HDR setting 1
[2020.03.11-17.59.48:825][  0]SourceControl: Source control is disabled
[2020.03.11-17.59.48:889][  0]Cmd: MAP LOAD FILE="C:/Users/13462/Documents/GitHub/level_design_2/Karl_Kincheon_pro_2/Content/Town_1.umap" TEMPLATE=0 SHOWPROGRESS=1 FEATURELEVEL=3
[2020.03.11-17.59.48:899][  0]LightingResults: New page: Lighting Build
[2020.03.11-17.59.49:023][  0]LogWorld: UWorld::CleanupWorld for Untitled, bSessionEnded=true, bCleanupResources=true
[2020.03.11-17.59.49:032][  0]LogSlate: InvalidateAllWidgets triggered.  All widgets were invalidated
[2020.03.11-17.59.49:058][  0]MapCheck: New page: Map Check
[2020.03.11-17.59.49:059][  0]LightingResults: New page: Lighting Build
[2020.03.11-17.59.49:631][  0]LogUObjectHash: Compacting FUObjectHashTables data took   1.52ms
[2020.03.11-17.59.53:377][  0]LogAIModule: Creating AISystem for world Town_1
[2020.03.11-17.59.53:912][  0]LogEditorServer: Finished looking for orphan Actors (0.000 secs)
[2020.03.11-17.59.54:034][  0]LogUObjectHash: Compacting FUObjectHashTables data took   1.90ms
[2020.03.11-17.59.54:037][  0]Cmd: MAP CHECKDEP NOCLEARLOG
[2020.03.11-17.59.54:038][  0]MapCheck: Map check complete: 0 Error(s), 0 Warning(s), took 0.7ms to complete.
[2020.03.11-17.59.54:039][  0]LogFileHelpers: Loading map 'Town_1' took 5.159
[2020.03.11-17.59.56:077][  0]LogSlate: Updating window title bar state: overlay mode, drag disabled, window buttons hidden, title bar hidden
[2020.03.11-17.59.56:088][  0]LogSlate: Updating window title bar state: overlay mode, drag disabled, window buttons hidden, title bar hidden
[2020.03.11-17.59.56:093][  0]LogSlate: Updating window title bar state: overlay mode, drag disabled, window buttons hidden, title bar hidden
[2020.03.11-17.59.56:099][  0]LogSlate: Updating window title bar state: overlay mode, drag disabled, window buttons hidden, title bar hidden
[2020.03.11-17.59.56:250][  0]LogCollectionManager: Loaded 0 collections in 0.001869 seconds
[2020.03.11-17.59.56:391][  0]LogFileCache: Scanning file cache for directory 'C:/Users/13462/Documents/GitHub/level_design_2/Karl_Kincheon_pro_2/Saved/Collections/' took 0.00s
[2020.03.11-17.59.56:391][  0]LogFileCache: Scanning file cache for directory 'C:/Users/13462/Documents/GitHub/level_design_2/Karl_Kincheon_pro_2/Content/Developers/13462/Collections/' took 0.00s
[2020.03.11-17.59.56:391][  0]LogFileCache: Scanning file cache for directory 'C:/Users/13462/Documents/GitHub/level_design_2/Karl_Kincheon_pro_2/Content/Collections/' took 0.00s
[2020.03.11-17.59.56:391][  0]LogContentBrowser: Native class hierarchy populated in 0.0083 seconds. Added 3015 classes and 717 folders.
[2020.03.11-17.59.56:517][  0]LogContentBrowser: Native class hierarchy updated for 'WidgetCarousel' in 0.0003 seconds. Added 0 classes and 0 folders.
[2020.03.11-17.59.58:212][  0]LogContentBrowser: Native class hierarchy updated for 'AddContentDialog' in 0.0002 seconds. Added 0 classes and 0 folders.
[2020.03.11-17.59.58:292][  0]LogContentBrowser: Native class hierarchy updated for 'SceneOutliner' in 0.0003 seconds. Added 2 classes and 3 folders.
[2020.03.11-17.59.59:789][  0]LogSlate: Took 0.021545 seconds to synchronously load lazily loaded font '../../../Engine/Content/Slate/Fonts/Roboto-Regular.ttf' (155K)
[2020.03.11-17.59.59:834][  0]LogSlate: Took 0.029201 seconds to synchronously load lazily loaded font '../../../Engine/Content/Slate/Fonts/Roboto-Bold.ttf' (160K)
[2020.03.11-17.59.59:937][  0]LogSlate: Took 0.012500 seconds to synchronously load lazily loaded font '../../../Engine/Content/Editor/Slate/Fonts/FontAwesome.ttf' (139K)
[2020.03.11-18.00.00:626][  0]LogRenderer: Reallocating scene render targets to support 780x420 Format 9 NumSamples 1 (Frame:1).
[2020.03.11-18.00.01:183][  0]LogSlate: Took 0.011716 seconds to synchronously load lazily loaded font '../../../Engine/Content/Slate/Fonts/Roboto-Light.ttf' (167K)
[2020.03.11-18.00.01:453][  0]LogContentBrowser: Native class hierarchy updated for 'HierarchicalLODOutliner' in 0.0003 seconds. Added 0 classes and 0 folders.
[2020.03.11-18.00.01:453][  0]LogLoad: (Engine Initialization) Total time: 100.81 seconds
[2020.03.11-18.00.01:453][  0]LogLoad: (Engine Initialization) Total Blueprint compile time: 0.00 seconds
[2020.03.11-18.00.01:905][  0]LogContentStreaming: Texture pool size now 400 MB
[2020.03.11-18.00.03:007][ 13]LogAssetRegistry: Asset discovery search completed in 53.1487 seconds
[2020.03.11-18.00.03:012][ 13]LogCollectionManager: Fixed up redirectors for 0 collections in 0.000589 seconds (updated 0 objects)
[2020.03.11-18.00.29:670][586]LogEditorViewport: Clicking on Actor (LMB): PointLight (PointLight)
[2020.03.11-18.00.51:239][811]LogEditorViewport: Clicking on Actor (LMB): PointLight (PointLight)
[2020.03.11-18.01.00:601][371]LogEditorViewport: Clicking on Actor (LMB): PointLight (PointLight2)
[2020.03.11-18.01.16:545][298]LogEditorViewport: Clicking on Actor (LMB): PointLight (PointLight)
[2020.03.11-18.01.25:131][812]LogEditorViewport: Clicking on Actor (LMB): PointLight (PointLight4)
[2020.03.11-18.01.26:340][862]Cmd: DELETE
[2020.03.11-18.01.26:340][862]Cmd: ACTOR DELETE
[2020.03.11-18.01.26:611][862]LogEditorActor: Deleted Actor: PointLight
[2020.03.11-18.01.26:666][862]LogUObjectHash: Compacting FUObjectHashTables data took   1.39ms
[2020.03.11-18.01.26:685][862]LogEditorActor: Deleted 1 Actors (0.149 secs)
[2020.03.11-18.01.34:657][337]LogEditorViewport: Clicking on Actor (LMB): PointLight (PointLight2)
[2020.03.11-18.02.15:341][734]MapCheck: New page: Map Check
[2020.03.11-18.02.15:421][734]LightingResults: New page: Lighting Build - Mar 11, 2020, 8:02:15 AM
[2020.03.11-18.02.15:622][734]LogSwarmInterface: [OpenConnection] Registering TCP channel ...
[2020.03.11-18.02.15:758][734]LogSwarmInterface: [OpenConnection] Connecting to agent ...
[2020.03.11-18.02.15:798][734]LogSwarmInterface: [TryOpenConnection] Testing the Agent
[2020.03.11-18.02.16:820][734]LogSwarmInterface: [TryOpenConnection] Opening Connection to Agent
[2020.03.11-18.02.16:820][734]LogSwarmInterface: [TryOpenConnection] Local Process ID is 400
[2020.03.11-18.02.19:308][734]LogStaticLightingSystem: Running Lightmass w/ ImmediateImport mode ENABLED
[2020.03.11-18.02.19:308][734]LogStaticLightingSystem: Running Lightmass w/ ImmediateProcess mode ENABLED
[2020.03.11-18.02.19:308][734]LogStaticLightingSystem: Running Lightmass w/ Sorting mode ENABLED
[2020.03.11-18.02.19:308][734]LogStaticLightingSystem: Running Lightmass w/ Mapping paddings ENABLED
[2020.03.11-18.02.19:308][734]LogStaticLightingSystem: Running Lightmass w/ Mapping debug paddings DISABLED
[2020.03.11-18.02.19:672][734]LogEditorBuildUtils: Build time 0:04
[2020.03.11-18.02.19:747][735]LogUObjectHash: Compacting FUObjectHashTables data took   0.58ms
[2020.03.11-18.02.47:110][577]Job is a success!
[2020.03.11-18.02.47:167][578]LogSlate: Took 0.000281 seconds to synchronously load lazily loaded font '../../../Engine/Content/Slate/Fonts/Roboto-Light.ttf' (167K)
[2020.03.11-18.02.47:841][578]LogVolumetricLightmapImport: Imported Volumetric Lightmap in 0.015s
[2020.03.11-18.02.47:841][578]LogVolumetricLightmapImport:      Indirection Texture 16x16x16 = 0.0Mb
[2020.03.11-18.02.47:841][578]LogVolumetricLightmapImport:      BrickData (all levels) 0.0Mb
[2020.03.11-18.02.47:841][578]LogVolumetricLightmapImport:      Bricks at depth
[2020.03.11-18.02.47:841][578]LogVolumetricLightmapImport:          0: 9.1% covering 100.0% of volume
[2020.03.11-18.02.47:841][578]LogVolumetricLightmapImport:          1: 9.1% covering 1.6% of volume
[2020.03.11-18.02.47:841][578]LogVolumetricLightmapImport:          2: 81.8% covering 0.2% of volume
[2020.03.11-18.02.47:842][578]LogVolumetricLightmapImport:      Bricks in each level
[2020.03.11-18.02.47:842][578]LogVolumetricLightmapImport:          Town_1 			 11 bricks 	 100.0% (Persistent Level)
[2020.03.11-18.02.50:554][578]LogTexture: Display: Building textures: HQ_Lightmap1_1 (AutoDXT, 1024X1024)
[2020.03.11-18.02.50:554][578]LogTexture: Display: Building textures: LQ_Lightmap_1_1 (DXT1, 1024X1024)
[2020.03.11-18.02.50:554][578]LogTexture: Display: Building textures: HQ_Lightmap1_2 (AutoDXT, 1024X1024)
[2020.03.11-18.02.50:554][578]LogTexture: Display: Building textures: LQ_Lightmap_1_2 (DXT1, 1024X1024)
[2020.03.11-18.02.50:554][578]LogTexture: Display: Building textures: HQ_Lightmap1_3 (AutoDXT, 1024X1024)
[2020.03.11-18.02.50:554][578]LogTexture: Display: Building textures: LQ_Lightmap_1_3 (DXT1, 1024X1024)
[2020.03.11-18.02.50:554][578]LogTexture: Display: Building textures: HQ_Lightmap1_4 (AutoDXT, 128X128)
[2020.03.11-18.02.50:554][578]LogTexture: Display: Building textures: LQ_Lightmap_1_4 (DXT1, 128X128)
[2020.03.11-18.02.50:554][578]LogTexture: Display: Building textures: HQ_Lightmap1_5 (AutoDXT, 128X128)
[2020.03.11-18.02.50:554][578]LogTexture: Display: Building textures: LQ_Lightmap_1_5 (DXT1, 128X128)
[2020.03.11-18.02.50:554][578]LogTexture: Display: Building textures: HQ_Lightmap1_6 (AutoDXT, 128X128)
[2020.03.11-18.02.50:554][578]LogTexture: Display: Building textures: LQ_Lightmap_1_6 (DXT1, 128X128)
[2020.03.11-18.02.50:554][578]LogTexture: Display: Building textures: HQ_Lightmap1_7 (AutoDXT, 128X128)
[2020.03.11-18.02.50:554][578]LogTexture: Display: Building textures: LQ_Lightmap_1_7 (DXT1, 128X128)
[2020.03.11-18.02.50:554][578]LogTexture: Display: Building textures: HQ_Lightmap1_8 (AutoDXT, 512X512)
[2020.03.11-18.02.50:554][578]LogTexture: Display: Building textures: LQ_Lightmap_1_8 (DXT1, 512X512)
[2020.03.11-18.02.50:554][578]LogTexture: Display: Building textures: HQ_Lightmap1_9 (AutoDXT, 128X128)
[2020.03.11-18.02.50:554][578]LogTexture: Display: Building textures: LQ_Lightmap_1_9 (DXT1, 128X128)
[2020.03.11-18.02.50:554][578]LogTexture: Display: Building textures: HQ_Lightmap1_10 (AutoDXT, 128X128)
[2020.03.11-18.02.50:554][578]LogTexture: Display: Building textures: LQ_Lightmap_1_10 (DXT1, 128X128)
[2020.03.11-18.02.50:554][578]LogTexture: Display: Building textures: HQ_Lightmap1_11 (AutoDXT, 128X128)
[2020.03.11-18.02.50:554][578]LogTexture: Display: Building textures: LQ_Lightmap_1_11 (DXT1, 128X128)
[2020.03.11-18.02.50:554][578]LogTexture: Display: Building textures: LQ_Lightmap_1_12 (DXT1, 128X128)
[2020.03.11-18.02.50:554][578]LogTexture: Display: Building textures: HQ_Lightmap1_12 (AutoDXT, 128X128)
[2020.03.11-18.02.50:554][578]LogTexture: Display: Building textures: HQ_Lightmap1_13 (AutoDXT, 1024X1024)
[2020.03.11-18.02.50:554][578]LogTexture: Display: Building textures: LQ_Lightmap_1_13 (DXT1, 1024X1024)
[2020.03.11-18.02.50:554][578]LogTexture: Display: Building textures: LQ_Lightmap_1_14 (DXT1, 128X128)
[2020.03.11-18.02.50:554][578]LogTexture: Display: Building textures: HQ_Lightmap1_14 (AutoDXT, 128X128)
[2020.03.11-18.02.50:554][578]LogTexture: Display: Building textures: HQ_Lightmap1_15 (AutoDXT, 128X128)
[2020.03.11-18.02.50:554][578]LogTexture: Display: Building textures: LQ_Lightmap_1_15 (DXT1, 128X128)
[2020.03.11-18.02.50:554][578]LogTexture: Display: Building textures: HQ_Lightmap1_16 (AutoDXT, 128X128)
[2020.03.11-18.02.50:554][578]LogTexture: Display: Building textures: HQ_Lightmap1_17 (AutoDXT, 512X512)
[2020.03.11-18.02.50:554][578]LogTexture: Display: Building textures: LQ_Lightmap_1_16 (DXT1, 128X128)
[2020.03.11-18.02.50:554][578]LogTexture: Display: Building textures: LQ_Lightmap_1_17 (DXT1, 512X512)
[2020.03.11-18.02.50:554][578]LogTexture: Display: Building textures: HQ_Lightmap1_18 (AutoDXT, 256X256)
[2020.03.11-18.02.50:554][578]LogTexture: Display: Building textures: LQ_Lightmap_1_18 (DXT1, 256X256)
[2020.03.11-18.02.50:554][578]LogTexture: Display: Building textures: HQ_Lightmap1_19 (AutoDXT, 128X128)
[2020.03.11-18.02.50:554][578]LogTexture: Display: Building textures: LQ_Lightmap_1_19 (DXT1, 128X128)
[2020.03.11-18.02.50:554][578]LogTexture: Display: Building textures: HQ_Lightmap1_20 (AutoDXT, 256X256)
[2020.03.11-18.02.50:555][578]LogTexture: Display: Building textures: LQ_Lightmap_1_20 (DXT1, 256X256)
[2020.03.11-18.02.50:754][578]LogTexture: Display: Building textures: ShadowMapTexture2D_3 (BGRA8, 64X64)
[2020.03.11-18.02.50:754][578]LogTexture: Display: Building textures: ShadowMapTexture2D_4 (BGRA8, 64X64)
[2020.03.11-18.02.50:754][578]LogTexture: Display: Building textures: ShadowMapTexture2D_5 (G8, 64X64)
[2020.03.11-18.02.50:754][578]LogTexture: Display: Building textures: ShadowMapTexture2D_6 (BGRA8, 64X64)
[2020.03.11-18.02.50:754][578]LogTexture: Display: Building textures: ShadowMapTexture2D_8 (G8, 64X64)
[2020.03.11-18.02.50:754][578]LogTexture: Display: Building textures: ShadowMapTexture2D_9 (G8, 64X64)
[2020.03.11-18.02.50:754][578]LogTexture: Display: Building textures: ShadowMapTexture2D_10 (G8, 64X64)
[2020.03.11-18.02.50:754][578]LogTexture: Display: Building textures: ShadowMapTexture2D_11 (BGRA8, 64X64)
[2020.03.11-18.02.50:754][578]LogTexture: Display: Building textures: ShadowMapTexture2D_12 (BGRA8, 64X64)
[2020.03.11-18.02.50:754][578]LogTexture: Display: Building textures: ShadowMapTexture2D_13 (G8, 64X64)
[2020.03.11-18.02.50:754][578]LogTexture: Display: Building textures: ShadowMapTexture2D_14 (BGRA8, 64X64)
[2020.03.11-18.02.50:754][578]LogTexture: Display: Building textures: ShadowMapTexture2D_16 (G8, 64X64)
[2020.03.11-18.02.50:754][578]LogTexture: Display: Building textures: ShadowMapTexture2D_2 (BGRA8, 1024X128)
[2020.03.11-18.02.50:754][578]LogTexture: Display: Building textures: ShadowMapTexture2D_17 (BGRA8, 1024X64)
[2020.03.11-18.02.50:754][578]LogTexture: Display: Building textures: ShadowMapTexture2D_7 (G8, 1024X128)
[2020.03.11-18.02.50:754][578]LogTexture: Display: Building textures: ShadowMapTexture2D_15 (G8, 1024X128)
[2020.03.11-18.02.50:754][578]LogTexture: Display: Building textures: ShadowMapTexture2D_1 (BGRA8, 1024X256)
[2020.03.11-18.02.51:128][578]LogTexture: Display: Building textures: ShadowMapTexture2D_0 (BGRA8, 1024X1024)
[2020.03.11-18.02.51:128][578]Lightmass on DESKTOP-IFJPMID: 29.6 sec total, 329 ms importing, 183 ms setup, 3.47 sec photons, 25.5 sec processing, 0 ms extra exporting [488/488 mappings]. Threads: 2:58 min total, 2:05 min processing.
[2020.03.11-18.02.51:131][578]LogStaticLightingSystem: Town_1_BuiltData storing lightmap data for 488 meshes in 36 LightmapResourceClusters (13.6 Meshes per cluster).
[2020.03.11-18.02.51:262][578]LogUObjectHash: Compacting FUObjectHashTables data took   1.47ms
[2020.03.11-18.02.51:304][578]LogStaticLightingSystem: Illumination: 35.8 sec (2.34 sec encoding lightmaps, 212 ms encoding shadowmaps)
[2020.03.11-18.02.51:304][578]LogStaticLightingSystem: Lightmap texture memory:  9.6 MB (9.6 MB streaming, 0.0 MB non-streaming), 40 textures
[2020.03.11-18.02.51:304][578]LogStaticLightingSystem: Shadowmap texture memory: 8.2 MB (8.2 MB streaming, 0.0 MB non-streaming), 18 textures
[2020.03.11-18.02.52:219][578]DumpUnbuiltLightIteractions
[2020.03.11-18.02.52:219][578]Lights with unbuilt interactions: 0
[2020.03.11-18.02.52:219][578]
[2020.03.11-18.02.52:219][578]Primitives with unbuilt interactions: 0
[2020.03.11-18.02.52:289][579]Cmd: MAP CHECK NOTIFYRESULTS
[2020.03.11-18.02.52:290][579]MapCheck: New page: Town_1 - Mar 11, 2020, 8:02:52 AM
[2020.03.11-18.02.52:366][579]MapCheck: Map check complete: 0 Error(s), 0 Warning(s), took 76.481ms to complete.
[2020.03.11-18.03.02:638][194]LogEditorViewport: Clicking on Actor (LMB): PointLight (PointLight2)
[2020.03.11-18.03.07:277][449]Cmd: DELETE
[2020.03.11-18.03.07:277][449]Cmd: ACTOR DELETE
[2020.03.11-18.03.07:287][449]LogEditorActor: Deleted Actor: PointLight
[2020.03.11-18.03.07:310][449]LogUObjectHash: Compacting FUObjectHashTables data took   0.60ms
[2020.03.11-18.03.07:311][449]LogEditorActor: Deleted 1 Actors (0.035 secs)
[2020.03.11-18.03.08:142][499]Cmd: DELETE
[2020.03.11-18.03.08:142][499]Cmd: ACTOR DELETE
[2020.03.11-18.03.08:148][499]LogEditorActor: Deleted Actor: PointLight
[2020.03.11-18.03.08:170][499]LogUObjectHash: Compacting FUObjectHashTables data took   0.63ms
[2020.03.11-18.03.08:170][499]LogEditorActor: Deleted 1 Actors (0.028 secs)
[2020.03.11-18.03.09:077][554]Cmd: DELETE
[2020.03.11-18.03.09:077][554]Cmd: ACTOR DELETE
[2020.03.11-18.03.09:084][554]LogEditorActor: Deleted Actor: PointLight
[2020.03.11-18.03.09:106][554]LogUObjectHash: Compacting FUObjectHashTables data took   0.60ms
[2020.03.11-18.03.09:107][554]LogEditorActor: Deleted 1 Actors (0.029 secs)
